#
# There is insufficient memory for the Java Runtime Environment to continue.
# Native memory allocation (mmap) failed to map 536870912 bytes for Failed to commit area from 0x0000000601400000 to 0x0000000621400000 of length 536870912.
# Possible reasons:
#   The system is out of physical RAM or swap space
#   The process is running with CompressedOops enabled, and the Java Heap may be blocking the growth of the native heap
# Possible solutions:
#   Reduce memory load on the system
#   Increase physical memory or swap space
#   Check if swap backing store is full
#   Decrease Java heap size (-Xmx/-Xms)
#   Decrease number of Java threads
#   Decrease Java thread stack sizes (-Xss)
#   Set larger code cache with -XX:ReservedCodeCacheSize=
# This output file may be truncated or incomplete.
#
#  Out of Memory Error (./open/src/hotspot/os/windows/os_windows.cpp:3287), pid=488, tid=8012
#
# JRE version:  (11.0.15+8) (build )
# Java VM: Java HotSpot(TM) 64-Bit Server VM (11.0.15+8-LTS-149, mixed mode, sharing, tiered, compressed oops, g1 gc, windows-amd64)
# No core dump will be written. Minidumps are not enabled by default on client versions of Windows
#

---------------  S U M M A R Y ------------

Command Line: -ea -Didea.test.cyclic.buffer.size=1048576 -javaagent:D:\Program Files\JetBrains\IntelliJ IDEA 2021.3.3\lib\idea_rt.jar=1181:D:\Program Files\JetBrains\IntelliJ IDEA 2021.3.3\bin -Dfile.encoding=UTF-8 com.intellij.rt.junit.JUnitStarter -ideVersion5 -junit3 SolutionTest,testMajorityElement

Host: Intel(R) Core(TM) i5-8500 CPU @ 3.00GHz, 6 cores, 31G,  Windows 10 , 64 bit Build 19041 (10.0.19041.3155)
Time: Sat Sep  2 09:30:28 2023 中国标准时间 elapsed time: 0.076758 seconds (0d 0h 0m 0s)

---------------  T H R E A D  ---------------

Current thread (0x000001c762930000):  JavaThread "Unknown thread" [_thread_in_vm, id=8012, stack(0x000000bea2000000,0x000000bea2100000)]

Stack: [0x000000bea2000000,0x000000bea2100000]
Native frames: (J=compiled Java code, j=interpreted, Vv=VM code, C=native code)
V  [jvm.dll+0x629d8a]
V  [jvm.dll+0x7638ff]
V  [jvm.dll+0x764fa9]
V  [jvm.dll+0x765633]
V  [jvm.dll+0x23d9c8]
V  [jvm.dll+0x6270aa]
V  [jvm.dll+0x61be35]
V  [jvm.dll+0x2f27dc]
V  [jvm.dll+0x2f2662]
V  [jvm.dll+0x2f7386]
V  [jvm.dll+0x339d8f]
V  [jvm.dll+0x3397c0]
V  [jvm.dll+0x2cfdf8]
V  [jvm.dll+0x2d0f66]
V  [jvm.dll+0x73df07]
V  [jvm.dll+0x73f79f]
V  [jvm.dll+0x346ab9]
V  [jvm.dll+0x723810]
V  [jvm.dll+0x3b56cf]
V  [jvm.dll+0x3b77e1]
C  [jli.dll+0x5207]
C  [ucrtbase.dll+0x21bb2]
C  [KERNEL32.DLL+0x17614]
C  [ntdll.dll+0x526b1]


---------------  P R O C E S S  ---------------

Threads class SMR info:
_java_thread_list=0x000001c7627a69c0, length=0, elements={
}

Java Threads: ( => current thread )

Other Threads:
  0x000001c762944000 GCTaskThread "GC Thread#0" [stack: 0x000000bea2100000,0x000000bea2200000] [id=25308]
  0x000001c7629c4000 ConcurrentGCThread "G1 Main Marker" [stack: 0x000000bea2200000,0x000000bea2300000] [id=5024]
  0x000001c7629c5800 ConcurrentGCThread "G1 Conc#0" [stack: 0x000000bea2300000,0x000000bea2400000] [id=6556]

[error occurred during error reporting (printing all threads), id 0xc0000005, EXCEPTION_ACCESS_VIOLATION (0xc0000005) at pc=0x00007ffb6b37f087]

VM state:not at safepoint (not fully initialized)

VM Mutex/Monitor currently owned by a thread:  ([mutex/lock_event])
[0x000001c76292de60] Heap_lock - owner thread: 0x000001c762930000

Heap address: 0x0000000601400000, size: 8172 MB, Compressed Oops mode: Non-zero based: 0x0000000601400000
Narrow klass base: 0x0000000000000000, Narrow klass shift: 0

GC Heap History (0 events):
No events

Deoptimization events (0 events):
No events

Classes redefined (0 events):
No events

Internal exceptions (0 events):
No events

Events (0 events):
No events


Dynamic libraries:
0x00007ff7ec790000 - 0x00007ff7ec79f000 	D:\Program Files\Java\jdk-11.0.15\bin\java.exe
0x00007ffbada10000 - 0x00007ffbadc08000 	C:\WINDOWS\SYSTEM32\ntdll.dll
0x00007ffbad5d0000 - 0x00007ffbad68f000 	C:\WINDOWS\System32\KERNEL32.DLL
0x00007ffbab380000 - 0x00007ffbab676000 	C:\WINDOWS\System32\KERNELBASE.dll
0x00007ffbab680000 - 0x00007ffbab780000 	C:\WINDOWS\System32\ucrtbase.dll
0x00007ffba76c0000 - 0x00007ffba76d5000 	D:\Program Files\Java\jdk-11.0.15\bin\VCRUNTIME140.dll
0x00007ffba5500000 - 0x00007ffba5518000 	D:\Program Files\Java\jdk-11.0.15\bin\jli.dll
0x00007ffbacdc0000 - 0x00007ffbace6f000 	C:\WINDOWS\System32\ADVAPI32.dll
0x00007ffbac6c0000 - 0x00007ffbac75e000 	C:\WINDOWS\System32\msvcrt.dll
0x00007ffbacfb0000 - 0x00007ffbad04c000 	C:\WINDOWS\System32\sechost.dll
0x00007ffbace70000 - 0x00007ffbacf96000 	C:\WINDOWS\System32\RPCRT4.dll
0x00007ffbad690000 - 0x00007ffbad82d000 	C:\WINDOWS\System32\USER32.dll
0x00007ffbab0f0000 - 0x00007ffbab112000 	C:\WINDOWS\System32\win32u.dll
0x00007ffbabc80000 - 0x00007ffbabcac000 	C:\WINDOWS\System32\GDI32.dll
0x00007ffbaa4d0000 - 0x00007ffbaa76a000 	C:\WINDOWS\WinSxS\amd64_microsoft.windows.common-controls_6595b64144ccf1df_6.0.19041.1110_none_60b5254171f9507e\COMCTL32.dll
0x00007ffbab8d0000 - 0x00007ffbab9e5000 	C:\WINDOWS\System32\gdi32full.dll
0x00007ffbab780000 - 0x00007ffbab81d000 	C:\WINDOWS\System32\msvcp_win.dll
0x00007ffba41c0000 - 0x00007ffba41ca000 	C:\WINDOWS\SYSTEM32\VERSION.dll
0x00007ffbac5d0000 - 0x00007ffbac600000 	C:\WINDOWS\System32\IMM32.DLL
0x00007ffb88590000 - 0x00007ffb8862b000 	D:\Program Files\Java\jdk-11.0.15\bin\msvcp140.dll
0x00007ffb6b0a0000 - 0x00007ffb6bbb6000 	D:\Program Files\Java\jdk-11.0.15\bin\server\jvm.dll
0x00007ffbac930000 - 0x00007ffbac938000 	C:\WINDOWS\System32\PSAPI.DLL
0x00007ffb99ed0000 - 0x00007ffb99ed9000 	C:\WINDOWS\SYSTEM32\WSOCK32.dll
0x00007ffbad960000 - 0x00007ffbad9cb000 	C:\WINDOWS\System32\WS2_32.dll
0x00007ffb9f780000 - 0x00007ffb9f7a7000 	C:\WINDOWS\SYSTEM32\WINMM.dll
0x00007ffba8940000 - 0x00007ffba8952000 	C:\WINDOWS\SYSTEM32\kernel.appcore.dll
0x00007ffba76b0000 - 0x00007ffba76c0000 	D:\Program Files\Java\jdk-11.0.15\bin\verify.dll
0x00007ffbaab00000 - 0x00007ffbaace4000 	C:\WINDOWS\SYSTEM32\DBGHELP.DLL
0x00007ffbaa8a0000 - 0x00007ffbaa8d4000 	C:\WINDOWS\SYSTEM32\dbgcore.DLL
0x00007ffbab2f0000 - 0x00007ffbab372000 	C:\WINDOWS\System32\bcryptPrimitives.dll
0x00007ffba1ac0000 - 0x00007ffba1ae8000 	D:\Program Files\Java\jdk-11.0.15\bin\java.dll
0x00007ffba7670000 - 0x00007ffba767a000 	D:\Program Files\Java\jdk-11.0.15\bin\jimage.dll
0x00007ffba64c0000 - 0x00007ffba64ce000 	D:\Program Files\Java\jdk-11.0.15\bin\instrument.dll
0x00007ffb9cd90000 - 0x00007ffb9cda6000 	D:\Program Files\Java\jdk-11.0.15\bin\zip.dll

dbghelp: loaded successfully - version: 4.0.5 - missing functions: none
symbol engine: initialized successfully - sym options: 0x614 - pdb path: .;D:\Program Files\Java\jdk-11.0.15\bin;C:\WINDOWS\SYSTEM32;C:\WINDOWS\WinSxS\amd64_microsoft.windows.common-controls_6595b64144ccf1df_6.0.19041.1110_none_60b5254171f9507e;D:\Program Files\Java\jdk-11.0.15\bin\server

VM Arguments:
jvm_args: -ea -Didea.test.cyclic.buffer.size=1048576 -javaagent:D:\Program Files\JetBrains\IntelliJ IDEA 2021.3.3\lib\idea_rt.jar=1181:D:\Program Files\JetBrains\IntelliJ IDEA 2021.3.3\bin -Dfile.encoding=UTF-8 
java_command: com.intellij.rt.junit.JUnitStarter -ideVersion5 -junit3 SolutionTest,testMajorityElement
java_class_path (initial): D:\Program Files\JetBrains\IntelliJ IDEA 2021.3.3\lib\idea_rt.jar;D:\Program Files\JetBrains\IntelliJ IDEA 2021.3.3\plugins\junit\lib\junit5-rt.jar;D:\Program Files\JetBrains\IntelliJ IDEA 2021.3.3\plugins\junit\lib\junit-rt.jar;K:\code\leetcode_project_wkz\229_majority_element_ii\target\test-classes;K:\code\leetcode_project_wkz\229_majority_element_ii\target\classes;C:\Users\Administrator\.m2\repository\junit\junit\3.8.2\junit-3.8.2.jar
Launcher Type: SUN_STANDARD

[Global flags]
     intx CICompilerCount                          = 3                                         {product} {ergonomic}
     uint ConcGCThreads                            = 2                                         {product} {ergonomic}
     uint G1ConcRefinementThreads                  = 6                                         {product} {ergonomic}
   size_t G1HeapRegionSize                         = 2097152                                   {product} {ergonomic}
    uintx GCDrainStackTargetSize                   = 64                                        {product} {ergonomic}
   size_t InitialHeapSize                          = 536870912                                 {product} {ergonomic}
   size_t MarkStackSize                            = 4194304                                   {product} {ergonomic}
   size_t MaxHeapSize                              = 8568963072                                {product} {ergonomic}
   size_t MinHeapDeltaBytes                        = 2097152                                   {product} {ergonomic}
    uintx NonNMethodCodeHeapSize                   = 5830732                                {pd product} {ergonomic}
    uintx NonProfiledCodeHeapSize                  = 122913754                              {pd product} {ergonomic}
    uintx ProfiledCodeHeapSize                     = 122913754                              {pd product} {ergonomic}
    uintx ReservedCodeCacheSize                    = 251658240                              {pd product} {ergonomic}
     bool SegmentedCodeCache                       = true                                      {product} {ergonomic}
     bool UseCompressedClassPointers               = true                                 {lp64_product} {ergonomic}
     bool UseCompressedOops                        = true                                 {lp64_product} {ergonomic}
     bool UseG1GC                                  = true                                      {product} {ergonomic}
     bool UseLargePagesIndividualAllocation        = false                                  {pd product} {ergonomic}

Logging:
Log output configuration:
 #0: stdout all=warning uptime,level,tags
 #1: stderr all=off uptime,level,tags

Environment Variables:
PATH=C:\Program Files\Common Files\Oracle\Java\javapath;C:\Program Files (x86)\NetSarang\Xshell 6\;C:\ProgramData\Anaconda3;C:\ProgramData\Anaconda3\Library\mingw-w64\bin;C:\ProgramData\Anaconda3\Library\usr\bin;C:\ProgramData\Anaconda3\Library\bin;C:\ProgramData\Anaconda3\Scripts;C:\WINDOWS\system32;C:\WINDOWS;C:\WINDOWS\System32\Wbem;C:\WINDOWS\System32\WindowsPowerShell\v1.0\;C:\WINDOWS\System32\OpenSSH\;C:\Program Files\Microsoft VS Code\bin;C:\Program Files\Insta360 Studio 2021;C:\Program Files (x86)\NetSarang\Xshell 7\;C:\Program Files\nodejs\;C:\Program Files (x86)\NVIDIA Corporation\PhysX\Common;C:\Program Files\NVIDIA Corporation\NVIDIA NvDLISR;D:\Program Files\apache-maven-3.8.6\bin;C:\Program Files\Git\cmd;C:\Program Files\PowerShell\7\;D:\Program Files (x86)\Tencent\微信web开发者工具\dll;C:\Users\Administrator\AppData\Local\Microsoft\WindowsApps;C:\Users\Administrator\AppData\Roaming\npm;D:\Program Files\JetBrains\IntelliJ IDEA 2021.3.3\bin;
USERNAME=Administrator
OS=Windows_NT
PROCESSOR_IDENTIFIER=Intel64 Family 6 Model 158 Stepping 10, GenuineIntel



---------------  S Y S T E M  ---------------

OS: Windows 10 , 64 bit Build 19041 (10.0.19041.3155)

CPU:total 6 (initial active 6) (6 cores per cpu, 1 threads per core) family 6 model 158 stepping 10 microcode 0xb4, cmov, cx8, fxsr, mmx, sse, sse2, sse3, ssse3, sse4.1, sse4.2, popcnt, avx, avx2, aes, clmul, erms, rtm, 3dnowpref, lzcnt, tsc, tscinvbit, bmi1, bmi2, adx, fma

Memory: 4k page, system-wide physical 32681M (4679M free)
TotalPageFile size 89912M (AvailPageFile size 399M)
current process WorkingSet (physical memory assigned to process): 10M, peak: 10M
current process commit charge ("private bytes"): 56M, peak: 568M

vm_info: Java HotSpot(TM) 64-Bit Server VM (11.0.15+8-LTS-149) for windows-amd64 JRE (11.0.15+8-LTS-149), built on Mar  9 2022 22:42:32 by "mach5one" with MS VC++ 15.9 (VS2017)

END.
